<?xml version="1.0" encoding="UTF-8"?>
<!-- Generated by org.testng.reporters.JUnitReportReporter -->
<testsuite hostname="DESKTOP-8RKA0KU" failures="0" tests="1" name="orange.com.Testlayer.LoginTest" time="38.581" errors="0" timestamp="2023-06-06T14:51:35 IST" skipped="0">
  <testcase classname="orange.com.Testlayer.LoginTest" name="verifyLogin" time="38.581"/>
  <system-out/>
</testsuite> <!-- orange.com.Testlayer.LoginTest -->
