<?xml version="1.0" encoding="UTF-8"?>
<!-- Generated by org.testng.reporters.JUnitReportReporter -->
<testsuite hostname="DESKTOP-8RKA0KU" failures="0" tests="1" name="orange.com.Testlayer.AdminTest" time="72.994" errors="0" timestamp="2023-06-06T14:51:35 IST" skipped="0">
  <testcase classname="orange.com.Testlayer.AdminTest" name="verifyAdminPage" time="72.994"/>
  <system-out/>
</testsuite> <!-- orange.com.Testlayer.AdminTest -->
